<?xml version="1.0" encoding="UTF-8"?>
<testsuite xmlns:xsi="http://www.w3.org/2001/XMLSchema-instance" xsi:noNamespaceSchemaLocation="https://maven.apache.org/surefire/maven-surefire-plugin/xsd/surefire-test-report-3.0.xsd" version="3.0" name="com.builder.config.CustomUserAgentConfigTest" time="1.069" tests="2" errors="0" skipped="0" failures="0">
  <properties>
    <property name="java.specification.version" value="17"/>
    <property name="sun.jnu.encoding" value="UTF-8"/>
    <property name="java.class.path" value="/codebuild/output/src2267051327/src/source/lambda/layers/custom-java-sdk-config/target/test-classes:/codebuild/output/src2267051327/src/source/lambda/layers/custom-java-sdk-config/target/classes:/root/.m2/repository/software/amazon/lambda/powertools-tracing/1.16.1/powertools-tracing-1.16.1.jar:/root/.m2/repository/software/amazon/lambda/powertools-core/1.16.1/powertools-core-1.16.1.jar:/root/.m2/repository/software/amazon/awssdk/aws-core/2.20.117/aws-core-2.20.117.jar:/root/.m2/repository/software/amazon/eventstream/eventstream/1.0.1/eventstream-1.0.1.jar:/root/.m2/repository/com/amazonaws/aws-lambda-java-core/1.2.2/aws-lambda-java-core-1.2.2.jar:/root/.m2/repository/org/aspectj/aspectjrt/1.9.7/aspectjrt-1.9.7.jar:/root/.m2/repository/com/amazonaws/aws-xray-recorder-sdk-core/2.14.0/aws-xray-recorder-sdk-core-2.14.0.jar:/root/.m2/repository/com/amazonaws/aws-java-sdk-xray/1.12.228/aws-java-sdk-xray-1.12.228.jar:/root/.m2/repository/com/amazonaws/aws-java-sdk-core/1.12.228/aws-java-sdk-core-1.12.228.jar:/root/.m2/repository/software/amazon/ion/ion-java/1.0.2/ion-java-1.0.2.jar:/root/.m2/repository/com/fasterxml/jackson/dataformat/jackson-dataformat-cbor/2.12.6/jackson-dataformat-cbor-2.12.6.jar:/root/.m2/repository/joda-time/joda-time/2.8.1/joda-time-2.8.1.jar:/root/.m2/repository/com/amazonaws/jmespath-java/1.12.228/jmespath-java-1.12.228.jar:/root/.m2/repository/com/amazonaws/aws-xray-recorder-sdk-aws-sdk-core/2.14.0/aws-xray-recorder-sdk-aws-sdk-core-2.14.0.jar:/root/.m2/repository/com/amazonaws/aws-xray-recorder-sdk-aws-sdk-v2/2.14.0/aws-xray-recorder-sdk-aws-sdk-v2-2.14.0.jar:/root/.m2/repository/com/amazonaws/aws-xray-recorder-sdk-aws-sdk-v2-instrumentor/2.14.0/aws-xray-recorder-sdk-aws-sdk-v2-instrumentor-2.14.0.jar:/root/.m2/repository/software/amazon/lambda/powertools-logging/1.16.1/powertools-logging-1.16.1.jar:/root/.m2/repository/com/fasterxml/jackson/core/jackson-databind/2.15.2/jackson-databind-2.15.2.jar:/root/.m2/repository/com/fasterxml/jackson/core/jackson-annotations/2.15.2/jackson-annotations-2.15.2.jar:/root/.m2/repository/com/fasterxml/jackson/core/jackson-core/2.15.2/jackson-core-2.15.2.jar:/root/.m2/repository/org/apache/logging/log4j/log4j-layout-template-json/2.20.0/log4j-layout-template-json-2.20.0.jar:/root/.m2/repository/org/apache/logging/log4j/log4j-core/2.20.0/log4j-core-2.20.0.jar:/root/.m2/repository/org/apache/logging/log4j/log4j-slf4j2-impl/2.20.0/log4j-slf4j2-impl-2.20.0.jar:/root/.m2/repository/org/slf4j/slf4j-api/2.0.6/slf4j-api-2.0.6.jar:/root/.m2/repository/org/apache/logging/log4j/log4j-api/2.20.0/log4j-api-2.20.0.jar:/root/.m2/repository/software/amazon/awssdk/sfn/2.20.117/sfn-2.20.117.jar:/root/.m2/repository/software/amazon/awssdk/aws-json-protocol/2.20.117/aws-json-protocol-2.20.117.jar:/root/.m2/repository/software/amazon/awssdk/third-party-jackson-core/2.20.117/third-party-jackson-core-2.20.117.jar:/root/.m2/repository/software/amazon/awssdk/protocol-core/2.20.117/protocol-core-2.20.117.jar:/root/.m2/repository/software/amazon/awssdk/sdk-core/2.20.117/sdk-core-2.20.117.jar:/root/.m2/repository/org/reactivestreams/reactive-streams/1.0.3/reactive-streams-1.0.3.jar:/root/.m2/repository/software/amazon/awssdk/auth/2.20.117/auth-2.20.117.jar:/root/.m2/repository/software/amazon/awssdk/http-client-spi/2.20.117/http-client-spi-2.20.117.jar:/root/.m2/repository/software/amazon/awssdk/regions/2.20.117/regions-2.20.117.jar:/root/.m2/repository/software/amazon/awssdk/annotations/2.20.117/annotations-2.20.117.jar:/root/.m2/repository/software/amazon/awssdk/utils/2.20.117/utils-2.20.117.jar:/root/.m2/repository/software/amazon/awssdk/metrics-spi/2.20.117/metrics-spi-2.20.117.jar:/root/.m2/repository/software/amazon/awssdk/json-utils/2.20.117/json-utils-2.20.117.jar:/root/.m2/repository/software/amazon/awssdk/endpoints-spi/2.20.117/endpoints-spi-2.20.117.jar:/root/.m2/repository/software/amazon/awssdk/apache-client/2.20.117/apache-client-2.20.117.jar:/root/.m2/repository/org/apache/httpcomponents/httpclient/4.5.13/httpclient-4.5.13.jar:/root/.m2/repository/commons-logging/commons-logging/1.2/commons-logging-1.2.jar:/root/.m2/repository/org/apache/httpcomponents/httpcore/4.4.13/httpcore-4.4.13.jar:/root/.m2/repository/commons-codec/commons-codec/1.15/commons-codec-1.15.jar:/root/.m2/repository/software/amazon/awssdk/netty-nio-client/2.20.117/netty-nio-client-2.20.117.jar:/root/.m2/repository/io/netty/netty-codec-http/4.1.94.Final/netty-codec-http-4.1.94.Final.jar:/root/.m2/repository/io/netty/netty-codec-http2/4.1.94.Final/netty-codec-http2-4.1.94.Final.jar:/root/.m2/repository/io/netty/netty-codec/4.1.94.Final/netty-codec-4.1.94.Final.jar:/root/.m2/repository/io/netty/netty-transport/4.1.94.Final/netty-transport-4.1.94.Final.jar:/root/.m2/repository/io/netty/netty-common/4.1.94.Final/netty-common-4.1.94.Final.jar:/root/.m2/repository/io/netty/netty-buffer/4.1.94.Final/netty-buffer-4.1.94.Final.jar:/root/.m2/repository/io/netty/netty-handler/4.1.94.Final/netty-handler-4.1.94.Final.jar:/root/.m2/repository/io/netty/netty-transport-native-unix-common/4.1.94.Final/netty-transport-native-unix-common-4.1.94.Final.jar:/root/.m2/repository/io/netty/netty-transport-classes-epoll/4.1.94.Final/netty-transport-classes-epoll-4.1.94.Final.jar:/root/.m2/repository/io/netty/netty-resolver/4.1.94.Final/netty-resolver-4.1.94.Final.jar:/root/.m2/repository/software/amazon/awssdk/s3/2.20.117/s3-2.20.117.jar:/root/.m2/repository/software/amazon/awssdk/aws-xml-protocol/2.20.117/aws-xml-protocol-2.20.117.jar:/root/.m2/repository/software/amazon/awssdk/arns/2.20.117/arns-2.20.117.jar:/root/.m2/repository/software/amazon/awssdk/profiles/2.20.117/profiles-2.20.117.jar:/root/.m2/repository/software/amazon/awssdk/crt-core/2.20.117/crt-core-2.20.117.jar:/root/.m2/repository/software/amazon/awssdk/cloudwatch/2.20.117/cloudwatch-2.20.117.jar:/root/.m2/repository/software/amazon/awssdk/aws-query-protocol/2.20.117/aws-query-protocol-2.20.117.jar:/root/.m2/repository/org/junit/jupiter/junit-jupiter-engine/5.10.0/junit-jupiter-engine-5.10.0.jar:/root/.m2/repository/org/junit/platform/junit-platform-engine/1.10.0/junit-platform-engine-1.10.0.jar:/root/.m2/repository/org/opentest4j/opentest4j/1.3.0/opentest4j-1.3.0.jar:/root/.m2/repository/org/junit/platform/junit-platform-commons/1.10.0/junit-platform-commons-1.10.0.jar:/root/.m2/repository/org/junit/jupiter/junit-jupiter-api/5.10.0/junit-jupiter-api-5.10.0.jar:/root/.m2/repository/org/apiguardian/apiguardian-api/1.1.2/apiguardian-api-1.1.2.jar:/root/.m2/repository/org/mockito/mockito-inline/5.2.0/mockito-inline-5.2.0.jar:/root/.m2/repository/org/mockito/mockito-core/5.2.0/mockito-core-5.2.0.jar:/root/.m2/repository/net/bytebuddy/byte-buddy/1.14.1/byte-buddy-1.14.1.jar:/root/.m2/repository/net/bytebuddy/byte-buddy-agent/1.14.1/byte-buddy-agent-1.14.1.jar:/root/.m2/repository/org/objenesis/objenesis/3.3/objenesis-3.3.jar:/root/.m2/repository/uk/org/webcompere/system-stubs-core/2.0.2/system-stubs-core-2.0.2.jar:/root/.m2/repository/uk/org/webcompere/system-stubs-jupiter/2.0.2/system-stubs-jupiter-2.0.2.jar:"/>
    <property name="java.vm.vendor" value="Amazon.com Inc."/>
    <property name="sun.arch.data.model" value="64"/>
    <property name="java.vendor.url" value="https://aws.amazon.com/corretto/"/>
    <property name="user.timezone" value="Etc/UTC"/>
    <property name="os.name" value="Linux"/>
    <property name="java.vm.specification.version" value="17"/>
    <property name="sun.java.launcher" value="SUN_STANDARD"/>
    <property name="user.country" value="US"/>
    <property name="sun.boot.library.path" value="/usr/lib/jvm/java-17-amazon-corretto/lib"/>
    <property name="sun.java.command" value="/codebuild/output/src2267051327/src/source/lambda/layers/custom-java-sdk-config/target/surefire/surefirebooter-20230823203011950_3.jar /codebuild/output/src2267051327/src/source/lambda/layers/custom-java-sdk-config/target/surefire 2023-08-23T20-30-11_801-jvmRun1 surefire-20230823203011950_1tmp surefire_0-20230823203011950_2tmp"/>
    <property name="jdk.debug" value="release"/>
    <property name="surefire.test.class.path" value="/codebuild/output/src2267051327/src/source/lambda/layers/custom-java-sdk-config/target/test-classes:/codebuild/output/src2267051327/src/source/lambda/layers/custom-java-sdk-config/target/classes:/root/.m2/repository/software/amazon/lambda/powertools-tracing/1.16.1/powertools-tracing-1.16.1.jar:/root/.m2/repository/software/amazon/lambda/powertools-core/1.16.1/powertools-core-1.16.1.jar:/root/.m2/repository/software/amazon/awssdk/aws-core/2.20.117/aws-core-2.20.117.jar:/root/.m2/repository/software/amazon/eventstream/eventstream/1.0.1/eventstream-1.0.1.jar:/root/.m2/repository/com/amazonaws/aws-lambda-java-core/1.2.2/aws-lambda-java-core-1.2.2.jar:/root/.m2/repository/org/aspectj/aspectjrt/1.9.7/aspectjrt-1.9.7.jar:/root/.m2/repository/com/amazonaws/aws-xray-recorder-sdk-core/2.14.0/aws-xray-recorder-sdk-core-2.14.0.jar:/root/.m2/repository/com/amazonaws/aws-java-sdk-xray/1.12.228/aws-java-sdk-xray-1.12.228.jar:/root/.m2/repository/com/amazonaws/aws-java-sdk-core/1.12.228/aws-java-sdk-core-1.12.228.jar:/root/.m2/repository/software/amazon/ion/ion-java/1.0.2/ion-java-1.0.2.jar:/root/.m2/repository/com/fasterxml/jackson/dataformat/jackson-dataformat-cbor/2.12.6/jackson-dataformat-cbor-2.12.6.jar:/root/.m2/repository/joda-time/joda-time/2.8.1/joda-time-2.8.1.jar:/root/.m2/repository/com/amazonaws/jmespath-java/1.12.228/jmespath-java-1.12.228.jar:/root/.m2/repository/com/amazonaws/aws-xray-recorder-sdk-aws-sdk-core/2.14.0/aws-xray-recorder-sdk-aws-sdk-core-2.14.0.jar:/root/.m2/repository/com/amazonaws/aws-xray-recorder-sdk-aws-sdk-v2/2.14.0/aws-xray-recorder-sdk-aws-sdk-v2-2.14.0.jar:/root/.m2/repository/com/amazonaws/aws-xray-recorder-sdk-aws-sdk-v2-instrumentor/2.14.0/aws-xray-recorder-sdk-aws-sdk-v2-instrumentor-2.14.0.jar:/root/.m2/repository/software/amazon/lambda/powertools-logging/1.16.1/powertools-logging-1.16.1.jar:/root/.m2/repository/com/fasterxml/jackson/core/jackson-databind/2.15.2/jackson-databind-2.15.2.jar:/root/.m2/repository/com/fasterxml/jackson/core/jackson-annotations/2.15.2/jackson-annotations-2.15.2.jar:/root/.m2/repository/com/fasterxml/jackson/core/jackson-core/2.15.2/jackson-core-2.15.2.jar:/root/.m2/repository/org/apache/logging/log4j/log4j-layout-template-json/2.20.0/log4j-layout-template-json-2.20.0.jar:/root/.m2/repository/org/apache/logging/log4j/log4j-core/2.20.0/log4j-core-2.20.0.jar:/root/.m2/repository/org/apache/logging/log4j/log4j-slf4j2-impl/2.20.0/log4j-slf4j2-impl-2.20.0.jar:/root/.m2/repository/org/slf4j/slf4j-api/2.0.6/slf4j-api-2.0.6.jar:/root/.m2/repository/org/apache/logging/log4j/log4j-api/2.20.0/log4j-api-2.20.0.jar:/root/.m2/repository/software/amazon/awssdk/sfn/2.20.117/sfn-2.20.117.jar:/root/.m2/repository/software/amazon/awssdk/aws-json-protocol/2.20.117/aws-json-protocol-2.20.117.jar:/root/.m2/repository/software/amazon/awssdk/third-party-jackson-core/2.20.117/third-party-jackson-core-2.20.117.jar:/root/.m2/repository/software/amazon/awssdk/protocol-core/2.20.117/protocol-core-2.20.117.jar:/root/.m2/repository/software/amazon/awssdk/sdk-core/2.20.117/sdk-core-2.20.117.jar:/root/.m2/repository/org/reactivestreams/reactive-streams/1.0.3/reactive-streams-1.0.3.jar:/root/.m2/repository/software/amazon/awssdk/auth/2.20.117/auth-2.20.117.jar:/root/.m2/repository/software/amazon/awssdk/http-client-spi/2.20.117/http-client-spi-2.20.117.jar:/root/.m2/repository/software/amazon/awssdk/regions/2.20.117/regions-2.20.117.jar:/root/.m2/repository/software/amazon/awssdk/annotations/2.20.117/annotations-2.20.117.jar:/root/.m2/repository/software/amazon/awssdk/utils/2.20.117/utils-2.20.117.jar:/root/.m2/repository/software/amazon/awssdk/metrics-spi/2.20.117/metrics-spi-2.20.117.jar:/root/.m2/repository/software/amazon/awssdk/json-utils/2.20.117/json-utils-2.20.117.jar:/root/.m2/repository/software/amazon/awssdk/endpoints-spi/2.20.117/endpoints-spi-2.20.117.jar:/root/.m2/repository/software/amazon/awssdk/apache-client/2.20.117/apache-client-2.20.117.jar:/root/.m2/repository/org/apache/httpcomponents/httpclient/4.5.13/httpclient-4.5.13.jar:/root/.m2/repository/commons-logging/commons-logging/1.2/commons-logging-1.2.jar:/root/.m2/repository/org/apache/httpcomponents/httpcore/4.4.13/httpcore-4.4.13.jar:/root/.m2/repository/commons-codec/commons-codec/1.15/commons-codec-1.15.jar:/root/.m2/repository/software/amazon/awssdk/netty-nio-client/2.20.117/netty-nio-client-2.20.117.jar:/root/.m2/repository/io/netty/netty-codec-http/4.1.94.Final/netty-codec-http-4.1.94.Final.jar:/root/.m2/repository/io/netty/netty-codec-http2/4.1.94.Final/netty-codec-http2-4.1.94.Final.jar:/root/.m2/repository/io/netty/netty-codec/4.1.94.Final/netty-codec-4.1.94.Final.jar:/root/.m2/repository/io/netty/netty-transport/4.1.94.Final/netty-transport-4.1.94.Final.jar:/root/.m2/repository/io/netty/netty-common/4.1.94.Final/netty-common-4.1.94.Final.jar:/root/.m2/repository/io/netty/netty-buffer/4.1.94.Final/netty-buffer-4.1.94.Final.jar:/root/.m2/repository/io/netty/netty-handler/4.1.94.Final/netty-handler-4.1.94.Final.jar:/root/.m2/repository/io/netty/netty-transport-native-unix-common/4.1.94.Final/netty-transport-native-unix-common-4.1.94.Final.jar:/root/.m2/repository/io/netty/netty-transport-classes-epoll/4.1.94.Final/netty-transport-classes-epoll-4.1.94.Final.jar:/root/.m2/repository/io/netty/netty-resolver/4.1.94.Final/netty-resolver-4.1.94.Final.jar:/root/.m2/repository/software/amazon/awssdk/s3/2.20.117/s3-2.20.117.jar:/root/.m2/repository/software/amazon/awssdk/aws-xml-protocol/2.20.117/aws-xml-protocol-2.20.117.jar:/root/.m2/repository/software/amazon/awssdk/arns/2.20.117/arns-2.20.117.jar:/root/.m2/repository/software/amazon/awssdk/profiles/2.20.117/profiles-2.20.117.jar:/root/.m2/repository/software/amazon/awssdk/crt-core/2.20.117/crt-core-2.20.117.jar:/root/.m2/repository/software/amazon/awssdk/cloudwatch/2.20.117/cloudwatch-2.20.117.jar:/root/.m2/repository/software/amazon/awssdk/aws-query-protocol/2.20.117/aws-query-protocol-2.20.117.jar:/root/.m2/repository/org/junit/jupiter/junit-jupiter-engine/5.10.0/junit-jupiter-engine-5.10.0.jar:/root/.m2/repository/org/junit/platform/junit-platform-engine/1.10.0/junit-platform-engine-1.10.0.jar:/root/.m2/repository/org/opentest4j/opentest4j/1.3.0/opentest4j-1.3.0.jar:/root/.m2/repository/org/junit/platform/junit-platform-commons/1.10.0/junit-platform-commons-1.10.0.jar:/root/.m2/repository/org/junit/jupiter/junit-jupiter-api/5.10.0/junit-jupiter-api-5.10.0.jar:/root/.m2/repository/org/apiguardian/apiguardian-api/1.1.2/apiguardian-api-1.1.2.jar:/root/.m2/repository/org/mockito/mockito-inline/5.2.0/mockito-inline-5.2.0.jar:/root/.m2/repository/org/mockito/mockito-core/5.2.0/mockito-core-5.2.0.jar:/root/.m2/repository/net/bytebuddy/byte-buddy/1.14.1/byte-buddy-1.14.1.jar:/root/.m2/repository/net/bytebuddy/byte-buddy-agent/1.14.1/byte-buddy-agent-1.14.1.jar:/root/.m2/repository/org/objenesis/objenesis/3.3/objenesis-3.3.jar:/root/.m2/repository/uk/org/webcompere/system-stubs-core/2.0.2/system-stubs-core-2.0.2.jar:/root/.m2/repository/uk/org/webcompere/system-stubs-jupiter/2.0.2/system-stubs-jupiter-2.0.2.jar:"/>
    <property name="sun.cpu.endian" value="little"/>
    <property name="user.home" value="/root"/>
    <property name="user.language" value="en"/>
    <property name="java.specification.vendor" value="Oracle Corporation"/>
    <property name="java.version.date" value="2023-07-18"/>
    <property name="java.home" value="/usr/lib/jvm/java-17-amazon-corretto"/>
    <property name="file.separator" value="/"/>
    <property name="basedir" value="/codebuild/output/src2267051327/src/source/lambda/layers/custom-java-sdk-config"/>
    <property name="java.vm.compressedOopsMode" value="Zero based"/>
    <property name="line.separator" value="&#10;"/>
    <property name="java.specification.name" value="Java Platform API Specification"/>
    <property name="java.vm.specification.vendor" value="Oracle Corporation"/>
    <property name="surefire.real.class.path" value="/codebuild/output/src2267051327/src/source/lambda/layers/custom-java-sdk-config/target/surefire/surefirebooter-20230823203011950_3.jar"/>
    <property name="sun.management.compiler" value="HotSpot 64-Bit Tiered Compilers"/>
    <property name="java.runtime.version" value="17.0.8+7-LTS"/>
    <property name="user.name" value="root"/>
    <property name="path.separator" value=":"/>
    <property name="os.version" value="4.14.313-235.533.amzn2.x86_64"/>
    <property name="java.runtime.name" value="OpenJDK Runtime Environment"/>
    <property name="file.encoding" value="UTF-8"/>
    <property name="java.vm.name" value="OpenJDK 64-Bit Server VM"/>
    <property name="java.vendor.version" value="Corretto-17.0.8.7.1"/>
    <property name="localRepository" value="/root/.m2/repository"/>
    <property name="java.vendor.url.bug" value="https://github.com/corretto/corretto-17/issues/"/>
    <property name="java.io.tmpdir" value="/tmp"/>
    <property name="java.version" value="17.0.8"/>
    <property name="user.dir" value="/codebuild/output/src2267051327/src/source/lambda/layers/custom-java-sdk-config"/>
    <property name="os.arch" value="amd64"/>
    <property name="java.vm.specification.name" value="Java Virtual Machine Specification"/>
    <property name="native.encoding" value="UTF-8"/>
    <property name="java.library.path" value="/usr/java/packages/lib:/usr/lib64:/lib64:/lib:/usr/lib"/>
    <property name="java.vm.info" value="mixed mode, sharing"/>
    <property name="java.vendor" value="Amazon.com Inc."/>
    <property name="java.vm.version" value="17.0.8+7-LTS"/>
    <property name="sun.io.unicode.encoding" value="UnicodeLittle"/>
    <property name="java.class.version" value="61.0"/>
  </properties>
  <testcase name="testEnvSetup" classname="com.builder.config.CustomUserAgentConfigTest" time="0.055"/>
  <testcase name="testCustomConfig" classname="com.builder.config.CustomUserAgentConfigTest" time="0.016"/>
</testsuite>